2025-03-29 22:29:54,269 - INFO - Argument settings:
2025-03-29 22:29:54,269 - INFO - Namespace(batch_size=24, cache=False, causal=True, device='cuda:0', dropout=0, dynamic_type='power', early_stop_lr=9e-06, expid=8132, hidden_dim=64, init=0.01, input_dim=64, input_window=24, interval=4, k=20, learning_rate=0.001, lr_decay=0.5, lr_step=3, num_epoch=300, output_window=24, path='./', poi_data=tensor([[0.2067, 0.1120, 0.0720,  ..., 0.5573, 0.0093, 0.0973],
        [0.2278, 0.0306, 0.1694,  ..., 0.7278, 0.0222, 0.0583],
        [0.3323, 0.0160, 0.1054,  ..., 0.8307, 0.0383, 0.0256],
        ...,
        [0.5294, 0.0784, 1.0000,  ..., 0.9020, 0.0098, 0.1176],
        [0.2365, 0.0712, 0.2288,  ..., 0.5481, 0.0423, 0.2635],
        [0.3714, 0.0714, 0.7000,  ..., 0.9286, 0.0571, 0.3000]]), poi_num=17, pt_dim=64, random=False, reg_dim=64, reg_num=490, save=False, seeds=[1111, 2222, 3333, 4444, 5555], testing_rate=0.1, tim_dim=64, tim_num=24, training_rate=0.8, treat_dim=10, treat_hidden=64, validate_rate=0.1, weight_decay=0)
2025-03-29 22:29:54,272 - INFO - Packed source code saved!
2025-03-29 22:29:54,273 - INFO - Running experiment with seed: 1111
2025-03-29 22:29:54,274 - INFO - Starting data preprocessing...
2025-03-29 22:29:54,337 - INFO - Regional adjacency matrix loaded!
2025-03-29 22:29:54,337 - INFO - Regional adjacency matrix length: (600)
2025-03-29 22:29:54,337 - INFO - Adjacency matrix shape: (490, 490)
2025-03-29 22:29:54,337 - INFO - Reading Regional flows data...
2025-03-29 22:29:54,340 - INFO - Regional flows data loaded!
2025-03-29 22:29:54,340 - INFO - Regional flows datashape: (600, 490)
2025-03-29 22:29:54,340 - INFO - Start processing treatments files...
2025-03-29 22:29:54,361 - INFO - Treatment division done!
2025-03-29 22:29:54,362 - INFO - Splitting datasets...
2025-03-29 22:29:54,362 - INFO - Data shape for scaler creation is (488, 490)
