2025-03-29 20:23:38,121 - INFO - Argument settings:
2025-03-29 20:23:38,121 - INFO - Namespace(reg_dim=64, tim_dim=64, hidden_dim=64, init=0.01, dynamic_type='power', dropout=0, learning_rate=0.001, weight_decay=0, input_dim=64, treat_dim=10, treat_hidden=64, reg_num=490, tim_num=24, device='cuda:0', path='./', batch_size=24, num_epoch=300, input_window=24, interval=4, output_window=24, k=20, training_rate=0.8, validate_rate=0.1, testing_rate=0.1, causal=True, lr_step=3, early_stop_lr=9e-06, lr_decay=0.5, cache=False, save=False, random=False, seeds=[1111, 2222, 3333, 4444, 5555], poi_num=17, poi_data=tensor([[0.2067, 0.1120, 0.0720,  ..., 0.5573, 0.0093, 0.0973],
        [0.2278, 0.0306, 0.1694,  ..., 0.7278, 0.0222, 0.0583],
        [0.3323, 0.0160, 0.1054,  ..., 0.8307, 0.0383, 0.0256],
        ...,
        [0.5294, 0.0784, 1.0000,  ..., 0.9020, 0.0098, 0.1176],
        [0.2365, 0.0712, 0.2288,  ..., 0.5481, 0.0423, 0.2635],
        [0.3714, 0.0714, 0.7000,  ..., 0.9286, 0.0571, 0.3000]]), pt_dim=64, expid=9314)
2025-03-29 20:23:38,126 - INFO - Packed source code saved!
2025-03-29 20:23:38,127 - INFO - Running experiment with seed: 1111
2025-03-29 20:23:38,128 - INFO - Starting data preprocessing...
2025-03-29 20:23:38,285 - INFO - Regional adjacency matrix loaded!
2025-03-29 20:23:38,285 - INFO - Regional adjacency matrix length: (600)
2025-03-29 20:23:38,285 - INFO - Adjacency matrix shape: (490, 490)
2025-03-29 20:23:38,285 - INFO - Reading Regional flows data...
2025-03-29 20:23:38,288 - INFO - Regional flows data loaded!
2025-03-29 20:23:38,288 - INFO - Regional flows datashape: (600, 490)
2025-03-29 20:23:38,288 - INFO - Start processing treatments files...
2025-03-29 20:23:38,309 - INFO - Treatment division done!
2025-03-29 20:23:38,309 - INFO - Splitting datasets...
2025-03-29 20:23:38,309 - INFO - Data shape for scaler creation is (488, 490)
