2025-03-31 21:17:08,283 - INFO - Argument settings:
2025-03-31 21:17:08,283 - INFO - Namespace(reg_dim=64, tim_dim=64, hidden_dim=64, init=0.01, dynamic_type='power', dropout=0, learning_rate=0.001, weight_decay=0, input_dim=64, treat_dim=10, treat_hidden=64, reg_num=490, tim_num=24, device='cuda:0', path='./', batch_size=24, num_epoch=300, input_window=24, interval=4, output_window=24, k=20, training_rate=0.8, validate_rate=0.1, testing_rate=0.1, causal=True, lr_step=3, early_stop_lr=9e-06, lr_decay=0.5, cache=False, save=False, random=False, seeds=[1111, 2222, 3333, 4444, 5555], poi_num=17, poi_data=tensor([[0.2067, 0.1120, 0.0720,  ..., 0.5573, 0.0093, 0.0973],
        [0.2278, 0.0306, 0.1694,  ..., 0.7278, 0.0222, 0.0583],
        [0.3323, 0.0160, 0.1054,  ..., 0.8307, 0.0383, 0.0256],
        ...,
        [0.5294, 0.0784, 1.0000,  ..., 0.9020, 0.0098, 0.1176],
        [0.2365, 0.0712, 0.2288,  ..., 0.5481, 0.0423, 0.2635],
        [0.3714, 0.0714, 0.7000,  ..., 0.9286, 0.0571, 0.3000]]), pt_dim=64, expid=3003)
2025-03-31 21:17:08,320 - INFO - Packed source code saved!
2025-03-31 21:17:08,320 - INFO - Running experiment with seed: 1111
2025-03-31 21:17:08,324 - INFO - Starting data preprocessing...
2025-03-31 21:17:08,584 - INFO - Regional adjacency matrix loaded!
2025-03-31 21:17:08,584 - INFO - Regional adjacency matrix length: (600)
2025-03-31 21:17:08,584 - INFO - Adjacency matrix shape: (490, 490)
2025-03-31 21:17:08,584 - INFO - Reading Regional flows data...
2025-03-31 21:17:08,593 - INFO - Regional flows data loaded!
2025-03-31 21:17:08,593 - INFO - Regional flows datashape: (600, 490)
2025-03-31 21:17:08,593 - INFO - Start processing treatments files...
2025-03-31 21:17:08,640 - INFO - Treatment division done!
2025-03-31 21:17:08,641 - INFO - Splitting datasets...
2025-03-31 21:17:08,641 - INFO - Data shape for scaler creation is (488, 490)
2025-03-31 21:17:11,257 - INFO - Model Structure: CausalMob(
  (reg_embedding): Embedding(490, 64)
  (pt_trans): PTTrans(
    (tim_embedding): Embedding(168, 64)
    (linear): Linear(in_features=64, out_features=17, bias=True)
  )
  (linear): Sequential(
    (0): Linear(in_features=169, out_features=64, bias=True)
  )
  (res_blocks): ModuleList(
    (0-1): 2 x ResNormal(
      (gcn1): GCN(
        (gcn1): GraphConvolution (64 -> 64)
        (gcn2): GraphConvolution (64 -> 64)
        (dropout): Dropout(p=0, inplace=False)
      )
      (gcn2): GCN(
        (gcn1): GraphConvolution (64 -> 64)
        (gcn2): GraphConvolution (64 -> 64)
        (dropout): Dropout(p=0, inplace=False)
      )
    )
  )
  (treat_gru_prev): GRU(10, 64, batch_first=True)
  (treat_gru_post): GRU(10, 64, batch_first=True)
  (treat_linear): Linear(in_features=128, out_features=64, bias=True)
  (admit): ADMIT(
    (feature_weight): Linear(in_features=64, out_features=64, bias=True)
    (hidden_features): Sequential(
      (0): Linear(in_features=64, out_features=64, bias=True)
      (1): ReLU(inplace=True)
      (2): Linear(in_features=64, out_features=64, bias=True)
      (3): ReLU(inplace=True)
    )
    (drop_hidden): Dropout(p=0, inplace=False)
    (out): Sequential(
      (0): Dynamic_FC(
        (spb): MLP_treatnet(
          (hidden1): Linear(in_features=4, out_features=64, bias=True)
          (predict): Linear(in_features=64, out_features=64, bias=True)
          (act): ReLU()
        )
        (act): ReLU()
      )
      (1): Dynamic_FC(
        (spb): MLP_treatnet(
          (hidden1): Linear(in_features=4, out_features=64, bias=True)
          (predict): Linear(in_features=64, out_features=64, bias=True)
          (act): ReLU()
        )
      )
    )
    (rwt): Sequential(
      (0): Dynamic_FC(
        (spb): MLP_treatnet(
          (hidden1): Linear(in_features=4, out_features=64, bias=True)
          (predict): Linear(in_features=64, out_features=64, bias=True)
          (act): ReLU()
        )
        (act): ReLU()
      )
      (1): Dynamic_FC(
        (spb): MLP_treatnet(
          (hidden1): Linear(in_features=4, out_features=64, bias=True)
          (predict): Linear(in_features=64, out_features=64, bias=True)
          (act): ReLU()
        )
      )
    )
  )
)
2025-03-31 21:17:12,977 - INFO - Training...
2025-03-31 21:17:12,977 - INFO - Epoch 1
